nohup: ignoring input
epoch 0:   0%|          | 0/417 [00:00<?, ?it/s]epoch 0:   0%|          | 1/417 [00:02<15:41,  2.26s/it]epoch 0:   0%|          | 2/417 [00:02<09:14,  1.33s/it]epoch 0:   1%|          | 3/417 [00:03<07:10,  1.04s/it]epoch 0:   1%|          | 4/417 [00:04<06:12,  1.11it/s]epoch 0:   1%|          | 5/417 [00:05<05:38,  1.22it/s]epoch 0:   1%|▏         | 6/417 [00:05<05:22,  1.27it/s]epoch 0:   2%|▏         | 7/417 [00:06<05:11,  1.32it/s]epoch 0:   2%|▏         | 8/417 [00:07<05:01,  1.36it/s]epoch 0:   2%|▏         | 9/417 [00:07<04:57,  1.37it/s]epoch 0:   2%|▏         | 10/417 [00:08<04:57,  1.37it/s]epoch 0:   3%|▎         | 11/417 [00:09<04:51,  1.39it/s]epoch 0:   3%|▎         | 12/417 [00:09<04:49,  1.40it/s]epoch 0:   3%|▎         | 13/417 [00:10<04:44,  1.42it/s]epoch 0:   3%|▎         | 14/417 [00:11<04:43,  1.42it/s]epoch 0:   4%|▎         | 15/417 [00:12<04:39,  1.44it/s]epoch 0:   4%|▍         | 16/417 [00:12<04:37,  1.45it/s]epoch 0:   4%|▍         | 17/417 [00:13<04:40,  1.43it/s]W0206 23:00:04.211000 84305 torch/distributed/elastic/agent/server/api.py:704] Received Signals.SIGTERM death signal, shutting down workers
W0206 23:00:04.212000 84305 torch/distributed/elastic/multiprocessing/api.py:897] Sending process 84327 closing signal SIGTERM
Traceback (most recent call last):
  File "/usr/local/bin/torchrun", line 6, in <module>
    sys.exit(main())
  File "/usr/local/lib/python3.10/dist-packages/torch/distributed/elastic/multiprocessing/errors/__init__.py", line 355, in wrapper
    return f(*args, **kwargs)
  File "/usr/local/lib/python3.10/dist-packages/torch/distributed/run.py", line 919, in main
    run(args)
  File "/usr/local/lib/python3.10/dist-packages/torch/distributed/run.py", line 910, in run
    elastic_launch(
  File "/usr/local/lib/python3.10/dist-packages/torch/distributed/launcher/api.py", line 138, in __call__
    return launch_agent(self._config, self._entrypoint, list(args))
  File "/usr/local/lib/python3.10/dist-packages/torch/distributed/launcher/api.py", line 260, in launch_agent
    result = agent.run()
  File "/usr/local/lib/python3.10/dist-packages/torch/distributed/elastic/metrics/api.py", line 137, in wrapper
    result = f(*args, **kwargs)
  File "/usr/local/lib/python3.10/dist-packages/torch/distributed/elastic/agent/server/api.py", line 696, in run
    result = self._invoke_run(role)
  File "/usr/local/lib/python3.10/dist-packages/torch/distributed/elastic/agent/server/api.py", line 855, in _invoke_run
    time.sleep(monitor_interval)
  File "/usr/local/lib/python3.10/dist-packages/torch/distributed/elastic/multiprocessing/api.py", line 84, in _terminate_process_handler
    raise SignalException(f"Process {os.getpid()} got signal: {sigval}", sigval=sigval)
torch.distributed.elastic.multiprocessing.api.SignalException: Process 84305 got signal: 15
